2020-11-11 16:14:40,802 - instabot version: 0.117.0 (bot /Library/Frameworks/Python.framework/Versions/3.8/lib/python3.8/site-packages/instabot/bot/bot.py:279) - INFO - Instabot version: 0.117.0 Started
2020-11-11 16:14:40,802 - instabot version: 0.117.0 (bot /Library/Frameworks/Python.framework/Versions/3.8/lib/python3.8/site-packages/instabot/bot/bot.py:280) - DEBUG - Bot imported from /Library/Frameworks/Python.framework/Versions/3.8/lib/python3.8/site-packages/instabot/bot/bot.py
2020-11-11 16:14:40,802 - instabot version: 0.117.0 (api_login /Library/Frameworks/Python.framework/Versions/3.8/lib/python3.8/site-packages/instabot/api/api_login.py:342) - DEBUG - Loading cookies
2020-11-11 16:14:40,803 - instabot version: 0.117.0 (api_login /Library/Frameworks/Python.framework/Versions/3.8/lib/python3.8/site-packages/instabot/api/api_login.py:351) - DEBUG - Loading uuids
2020-11-11 16:14:40,803 - instabot version: 0.117.0 (api_login /Library/Frameworks/Python.framework/Versions/3.8/lib/python3.8/site-packages/instabot/api/api_login.py:367) - INFO - Recovery from /Users/gmyrzamuratov/Dropbox/Projects/upwork/Silah/posting/config/sazalem_com_uuid_and_cookie.json: COOKIE True - UUIDs True - TIMING, DEVICE and ...
- user-agent=Instagram 117.0.0.28.123 Android (28/9.0; 420dpi; 1080x1920; OnePlus; ONEPLUS A3003; OnePlus3; qcom; en_US; 180322800)
- phone_id=5752b413-911c-4fa9-8c54-7a0c9b72706a
- uuid=5888f2d1-60de-43f9-b23f-9f199e351202
- client_session_id=cbf29a23-6d03-4f6e-9958-d2d28b99dd1e
- device_id=android-13de98513d4602f9
2020-11-11 16:14:40,803 - instabot version: 0.117.0 (api_login /Library/Frameworks/Python.framework/Versions/3.8/lib/python3.8/site-packages/instabot/api/api_login.py:133) - INFO - LOGIN FLOW! Just logged-in: False
2020-11-11 16:14:42,424 - instabot version: 0.117.0 (api /Library/Frameworks/Python.framework/Versions/3.8/lib/python3.8/site-packages/instabot/api/api.py:546) - DEBUG - POST to endpoint: feed/timeline/ returned response: <Response [200]>
2020-11-11 16:14:43,414 - instabot version: 0.117.0 (api /Library/Frameworks/Python.framework/Versions/3.8/lib/python3.8/site-packages/instabot/api/api.py:546) - DEBUG - POST to endpoint: feed/reels_tray/ returned response: <Response [200]>
2020-11-11 16:14:44,008 - instabot version: 0.117.0 (api /Library/Frameworks/Python.framework/Versions/3.8/lib/python3.8/site-packages/instabot/api/api.py:546) - DEBUG - POST to endpoint: direct_v2/ranked_recipients/ returned response: <Response [200]>
2020-11-11 16:14:44,622 - instabot version: 0.117.0 (api /Library/Frameworks/Python.framework/Versions/3.8/lib/python3.8/site-packages/instabot/api/api.py:546) - DEBUG - POST to endpoint: direct_v2/ranked_recipients/ returned response: <Response [200]>
2020-11-11 16:14:46,120 - instabot version: 0.117.0 (api /Library/Frameworks/Python.framework/Versions/3.8/lib/python3.8/site-packages/instabot/api/api.py:546) - DEBUG - POST to endpoint: direct_v2/inbox/ returned response: <Response [200]>
2020-11-11 16:14:47,025 - instabot version: 0.117.0 (api /Library/Frameworks/Python.framework/Versions/3.8/lib/python3.8/site-packages/instabot/api/api.py:550) - DEBUG - GET to endpoint: direct_v2/get_presence/ returned response: <Response [200]>
2020-11-11 16:14:47,744 - instabot version: 0.117.0 (api /Library/Frameworks/Python.framework/Versions/3.8/lib/python3.8/site-packages/instabot/api/api.py:550) - DEBUG - GET to endpoint: news/inbox/?limited_activity=true&show_su=true returned response: <Response [200]>
2020-11-11 16:14:48,232 - instabot version: 0.117.0 (api /Library/Frameworks/Python.framework/Versions/3.8/lib/python3.8/site-packages/instabot/api/api.py:550) - DEBUG - GET to endpoint: users/profile_notice/ returned response: <Response [200]>
2020-11-11 16:14:48,823 - instabot version: 0.117.0 (api /Library/Frameworks/Python.framework/Versions/3.8/lib/python3.8/site-packages/instabot/api/api.py:546) - DEBUG - POST to endpoint: discover/explore/ returned response: <Response [200]>
2020-11-11 16:14:48,828 - instabot version: 0.117.0 (api /Library/Frameworks/Python.framework/Versions/3.8/lib/python3.8/site-packages/instabot/api/api.py:415) - INFO - Logged-in successfully as 'sazalem_com'!
2020-11-11 16:14:48,828 - instabot version: 0.117.0 (bot_checkpoint /Library/Frameworks/Python.framework/Versions/3.8/lib/python3.8/site-packages/instabot/bot/bot_checkpoint.py:58) - DEBUG - Loading Checkpoint file from: /Users/gmyrzamuratov/Dropbox/Projects/upwork/Silah/posting/config/sazalem_com.checkpoint
2020-11-11 16:15:43,040 - instabot version: 0.117.0 (api /Library/Frameworks/Python.framework/Versions/3.8/lib/python3.8/site-packages/instabot/api/api.py:546) - DEBUG - POST to endpoint: media/configure_sidecar/? returned response: <Response [500]>
2020-11-11 16:15:43,040 - instabot version: 0.117.0 (api /Library/Frameworks/Python.framework/Versions/3.8/lib/python3.8/site-packages/instabot/api/api.py:563) - DEBUG - Responsecode indicates error; response content: b'{"message": "Unknown Server Error.", "status": "fail"}'
2020-11-11 16:15:43,040 - instabot version: 0.117.0 (api /Library/Frameworks/Python.framework/Versions/3.8/lib/python3.8/site-packages/instabot/api/api.py:569) - ERROR - Request returns 500 error!
2020-11-11 16:15:43,040 - instabot version: 0.117.0 (bot_photo /Library/Frameworks/Python.framework/Versions/3.8/lib/python3.8/site-packages/instabot/bot/bot_photo.py:65) - INFO - Photos are not uploaded.
2020-11-13 15:27:06,313 - instabot version: 0.117.0 (bot_checkpoint /Library/Frameworks/Python.framework/Versions/3.8/lib/python3.8/site-packages/instabot/bot/bot_checkpoint.py:48) - DEBUG - Saving Checkpoint file to: /Users/gmyrzamuratov/Dropbox/Projects/upwork/Silah/posting/config/sazalem_com.checkpoint
2020-11-13 15:27:06,317 - instabot version: 0.117.0 (bot /Library/Frameworks/Python.framework/Versions/3.8/lib/python3.8/site-packages/instabot/bot/bot.py:482) - INFO - Total requests: 25
